<?xml version="1.0" encoding="UTF-8"?><testsuite errors="0" failures="0" name="com.req.res.testsuite.StudentCURDTest" skipped="0" tests="4" time="22.49" timestamp="2020-05-20T12:26:12.397+01:00[Europe/London]"><testcase classname="com.req.res.testsuite.StudentCURDTest" name="This test will create a new user"/><testcase classname="com.req.res.testsuite.StudentCURDTest" name="This test will Verify an existing user of the application"/><testcase classname="com.req.res.testsuite.StudentCURDTest" name="This test will check "/><testcase classname="com.req.res.testsuite.StudentCURDTest" name="This test will Delete a user"/></testsuite>